<?xml version="1.0" encoding="UTF-8" standalone="no"?>
<window xmlns="http://jmix.io/schema/ui/window"
        caption="msg://io.jmix.multitenancyui.screen.tenant/tenantEdit.caption"
        extends="io/jmix/multitenancyui/screen/tenant/tenant-edit.xml">
    <layout>
        <form id="form">
            <column>
                <dateField id="lastLoginField" property="lastLogin" />
                <checkBox id="testdataInitialisedField" property="testdataInitialised"/>
            </column>
        </form>
    </layout>
</window>
