<?xml version="1.0" encoding="UTF-8" standalone="no"?>
<window xmlns="http://jmix.io/schema/ui/window"
        caption="msg://io.jmix.multitenancyui.screen.tenant/tenantBrowse.caption"
        extends="io/jmix/multitenancyui/screen/tenant/tenant-browse.xml">
    <data>
        <collection id="tenantsDc"
                    class="io.jmix.bookstore.multitenancy.TestEnvironmentTenant">
            <fetchPlan extends="_base">
            </fetchPlan>
        </collection>
    </data>
    <layout>
        <groupTable id="tenantsTable">
            <columns>
                <column id="lastLogin"/>
                <column id="testdataInitialised"/>
            </columns>
        </groupTable>
    </layout>
</window>
